Build started 05.12.2016 13:48:19.
     1>Project "C:\Users\vsha\Desktop\polinom\polinom\polinom.vcxproj" on node 2 (build target(s)).
     1>InitializeBuildStatus:
         Creating "Debug\polinom.unsuccessfulbuild" because "AlwaysCreate" was specified.
       GenerateTargetFrameworkMonikerAttribute:
       Skipping target "GenerateTargetFrameworkMonikerAttribute" because all output files are up-to-date with respect to the input files.
       ClCompile:
         All outputs are up-to-date.
         D:\Visual Studio 2010 Express\VC\bin\CL.exe /c /AI"C:\Program Files (x86)\Reference Assemblies\Microsoft\Framework\.NETFramework\v4.0" /Zi /clr:pure /nologo /W3 /WX- /Od /Oy- /D WIN32 /D _DEBUG /D _UNICODE /D UNICODE /EHa /MDd /GS /fp:precise /Zc:wchar_t /Zc:forScope /Yu"StdAfx.h" /Fp"Debug\polinom.pch" /Fo"Debug\\" /Fd"Debug\vc100.pdb" /TP /FU"C:\Program Files (x86)\Reference Assemblies\Microsoft\Framework\.NETFramework\v4.0\System.Core.dll" /FU"C:\Program Files (x86)\Reference Assemblies\Microsoft\Framework\.NETFramework\v4.0\System.Data.dll" /FU"C:\Program Files (x86)\Reference Assemblies\Microsoft\Framework\.NETFramework\v4.0\System.dll" /FU"C:\Program Files (x86)\Reference Assemblies\Microsoft\Framework\.NETFramework\v4.0\System.Drawing.dll" /FU"C:\Program Files (x86)\Reference Assemblies\Microsoft\Framework\.NETFramework\v4.0\System.Windows.Forms.dll" /FU"C:\Program Files (x86)\Reference Assemblies\Microsoft\Framework\.NETFramework\v4.0\System.Xml.dll" /analyze- /errorReport:prompt polinom.cpp /clr:nostdlib 
         polinom.cpp
     1>c:\users\vsha\desktop\polinom\polinom\Form1.h(219): warning C4244: '=' : conversion from 'float' to 'int', possible loss of data
         All outputs are up-to-date.
       CoreResGen:
         No resources are out of date with respect to their source files. Skipping resource generation.
       ResourceCompile:
         All outputs are up-to-date.
       Link:
         D:\Visual Studio 2010 Express\VC\bin\link.exe /ERRORREPORT:PROMPT /OUT:"C:\Users\vsha\Desktop\polinom\Debug\polinom.exe" /INCREMENTAL /NOLOGO /ASSEMBLYRESOURCE:Debug\polinom.Form1.resources /MANIFEST /ManifestFile:"Debug\polinom.exe.intermediate.manifest" /MANIFESTUAC:"level='asInvoker' uiAccess='false'" /DEBUG /PDB:"C:\Users\vsha\Desktop\polinom\Debug\polinom.pdb" /ASSEMBLYDEBUG /SUBSYSTEM:WINDOWS /TLBID:1 /ENTRY:"main" /DYNAMICBASE /FIXED:NO /NXCOMPAT /MACHINE:X86 Debug\app.res
         Debug\AssemblyInfo.obj
         Debug\polinom.obj
         Debug\stdafx.obj
         "Debug\.NETFramework,Version=v4.0.AssemblyAttributes.obj"
         polinom.vcxproj -> C:\Users\vsha\Desktop\polinom\Debug\polinom.exe
       Manifest:
         C:\Program Files (x86)\Microsoft SDKs\Windows\v7.0A\bin\mt.exe /nologo /verbose /outputresource:"C:\Users\vsha\Desktop\polinom\Debug\polinom.exe;#1" /manifest Debug\polinom.exe.intermediate.manifest
       FinalizeBuildStatus:
         Deleting file "Debug\polinom.unsuccessfulbuild".
         Touching "Debug\polinom.lastbuildstate".
     1>Done Building Project "C:\Users\vsha\Desktop\polinom\polinom\polinom.vcxproj" (build target(s)).

Build succeeded.

Time Elapsed 00:00:00.87
