Сборка начата 07.03.2017 10:04:59.
     1>Проект "C:\Users\user.CLASS.000\Desktop\integrirovanie 4islennoe\integrirovanie 4islennoe\integrirovanie 4islennoe.vcxproj" в узле 2 (целевые объекты build).
     1>InitializeBuildStatus:
         Создание "Debug\integrirovanie 4islennoe.unsuccessfulbuild", так как было задано "AlwaysCreate".
       ClCompile:
         c:\Program Files (x86)\Microsoft Visual Studio 10.0\VC\bin\CL.exe /c /ZI /nologo /W3 /WX- /Od /Oy- /D _MBCS /Gm /EHsc /RTC1 /MDd /GS /fp:precise /Zc:wchar_t /Zc:forScope /Fo"Debug\\" /Fd"Debug\vc100.pdb" /Gd /TP /analyze- /errorReport:prompt "интегрирование методом трапеций.cpp"
         интегрирование методом трапеций.cpp
     1>c:\users\user.class.000\desktop\integrirovanie 4islennoe\integrirovanie 4islennoe\интегрирование методом трапеций.cpp(18): warning C4101: e: неиспользованная локальная переменная
       Link:
         c:\Program Files (x86)\Microsoft Visual Studio 10.0\VC\bin\link.exe /ERRORREPORT:PROMPT /OUT:"C:\Users\user.CLASS.000\Desktop\integrirovanie 4islennoe\Debug\integrirovanie 4islennoe.exe" /NOLOGO kernel32.lib user32.lib gdi32.lib winspool.lib comdlg32.lib advapi32.lib shell32.lib ole32.lib oleaut32.lib uuid.lib odbc32.lib odbccp32.lib /MANIFEST /ManifestFile:"Debug\integrirovanie 4islennoe.exe.intermediate.manifest" /MANIFESTUAC:"level='asInvoker' uiAccess='false'" /DEBUG /PDB:"C:\Users\user.CLASS.000\Desktop\integrirovanie 4islennoe\Debug\integrirovanie 4islennoe.pdb" /TLBID:1 /DYNAMICBASE /NXCOMPAT /IMPLIB:"C:\Users\user.CLASS.000\Desktop\integrirovanie 4islennoe\Debug\integrirovanie 4islennoe.lib" /MACHINE:X86 "Debug\интегрирование методом прямоугольников.obj"
         "Debug\интегрирование методом трапеций.obj"
         LINK : не найден или не выполнена сборка C:\Users\user.CLASS.000\Desktop\integrirovanie 4islennoe\Debug\integrirovanie 4islennoe.exe при последней инкрементной компоновке; выполняется полная компоновка
         integrirovanie 4islennoe.vcxproj -> C:\Users\user.CLASS.000\Desktop\integrirovanie 4islennoe\Debug\integrirovanie 4islennoe.exe
       Manifest:
         C:\Program Files (x86)\Microsoft SDKs\Windows\v7.0A\bin\mt.exe /nologo /verbose /outputresource:"C:\Users\user.CLASS.000\Desktop\integrirovanie 4islennoe\Debug\integrirovanie 4islennoe.exe;#1" /manifest "Debug\integrirovanie 4islennoe.exe.intermediate.manifest"
       FinalizeBuildStatus:
         Файл "Debug\integrirovanie 4islennoe.unsuccessfulbuild" удаляется.
         Обращение к "Debug\integrirovanie 4islennoe.lastbuildstate".
     1>Построение проекта "C:\Users\user.CLASS.000\Desktop\integrirovanie 4islennoe\integrirovanie 4islennoe\integrirovanie 4islennoe.vcxproj" завершено (целевые объекты build).

Построение успешно завершено.

Затраченное время: 00:00:02.14
