Build started 25.12.2016 16:43:08.
     1>Project "D:\Dropbox\программирование\C++\kvadr\kvadr\kvadr.vcxproj" on node 2 (build target(s)).
     1>InitializeBuildStatus:
         Creating "Debug\kvadr.unsuccessfulbuild" because "AlwaysCreate" was specified.
       GenerateTargetFrameworkMonikerAttribute:
       Skipping target "GenerateTargetFrameworkMonikerAttribute" because all output files are up-to-date with respect to the input files.
       ClCompile:
         All outputs are up-to-date.
         D:\Visual Studio 2010 Express\VC\bin\CL.exe /c /AI"C:\Program Files (x86)\Reference Assemblies\Microsoft\Framework\.NETFramework\v4.0" /Zi /clr:pure /nologo /W3 /WX- /Od /Oy- /D WIN32 /D _DEBUG /D _UNICODE /D UNICODE /EHa /MDd /GS /fp:precise /Zc:wchar_t /Zc:forScope /Yu"StdAfx.h" /Fp"Debug\kvadr.pch" /Fo"Debug\\" /Fd"Debug\vc100.pdb" /TP /FU"C:\Program Files (x86)\Reference Assemblies\Microsoft\Framework\.NETFramework\v4.0\System.Core.dll" /FU"C:\Program Files (x86)\Reference Assemblies\Microsoft\Framework\.NETFramework\v4.0\System.Data.dll" /FU"C:\Program Files (x86)\Reference Assemblies\Microsoft\Framework\.NETFramework\v4.0\System.dll" /FU"C:\Program Files (x86)\Reference Assemblies\Microsoft\Framework\.NETFramework\v4.0\System.Drawing.dll" /FU"C:\Program Files (x86)\Reference Assemblies\Microsoft\Framework\.NETFramework\v4.0\System.Windows.Forms.dll" /FU"C:\Program Files (x86)\Reference Assemblies\Microsoft\Framework\.NETFramework\v4.0\System.Xml.dll" /analyze- /errorReport:prompt kvadr.cpp /clr:nostdlib 
         kvadr.cpp
     1>d:\dropbox\программирование\c++\kvadr\kvadr\Form1.h(191): warning C4244: '=' : conversion from 'float' to 'long', possible loss of data
     1>d:\dropbox\программирование\c++\kvadr\kvadr\Form1.h(192): warning C4244: '=' : conversion from 'float' to 'long', possible loss of data
     1>d:\dropbox\программирование\c++\kvadr\kvadr\Form1.h(200): warning C4244: '=' : conversion from 'float' to 'long', possible loss of data
     1>d:\dropbox\программирование\c++\kvadr\kvadr\Form1.h(201): warning C4244: '=' : conversion from 'float' to 'long', possible loss of data
     1>d:\dropbox\программирование\c++\kvadr\kvadr\Form1.h(210): warning C4244: '=' : conversion from 'float' to 'long', possible loss of data
     1>d:\dropbox\программирование\c++\kvadr\kvadr\Form1.h(211): warning C4244: '=' : conversion from 'float' to 'long', possible loss of data
     1>d:\dropbox\программирование\c++\kvadr\kvadr\Form1.h(221): warning C4244: '=' : conversion from 'float' to 'long', possible loss of data
     1>d:\dropbox\программирование\c++\kvadr\kvadr\Form1.h(222): warning C4244: '=' : conversion from 'float' to 'long', possible loss of data
     1>d:\dropbox\программирование\c++\kvadr\kvadr\Form1.h(231): warning C4244: '=' : conversion from '__int64' to 'float', possible loss of data
     1>d:\dropbox\программирование\c++\kvadr\kvadr\Form1.h(232): warning C4244: '=' : conversion from '__int64' to 'float', possible loss of data
     1>d:\dropbox\программирование\c++\kvadr\kvadr\Form1.h(233): warning C4244: '=' : conversion from 'float' to 'int', possible loss of data
     1>d:\dropbox\программирование\c++\kvadr\kvadr\Form1.h(234): warning C4244: '=' : conversion from 'float' to 'int', possible loss of data
     1>d:\dropbox\программирование\c++\kvadr\kvadr\Form1.h(242): warning C4244: '=' : conversion from 'int' to 'float', possible loss of data
     1>d:\dropbox\программирование\c++\kvadr\kvadr\Form1.h(243): warning C4244: '=' : conversion from 'int' to 'float', possible loss of data
     1>d:\dropbox\программирование\c++\kvadr\kvadr\Form1.h(244): warning C4244: '=' : conversion from 'float' to 'int', possible loss of data
     1>d:\dropbox\программирование\c++\kvadr\kvadr\Form1.h(245): warning C4244: '=' : conversion from 'float' to 'int', possible loss of data
         All outputs are up-to-date.
       CoreResGen:
         No resources are out of date with respect to their source files. Skipping resource generation.
       ResourceCompile:
         All outputs are up-to-date.
       Link:
         D:\Visual Studio 2010 Express\VC\bin\link.exe /ERRORREPORT:PROMPT /OUT:"D:\Dropbox\программирование\C++\kvadr\Debug\kvadr.exe" /INCREMENTAL /NOLOGO /ASSEMBLYRESOURCE:Debug\kvadr.Form1.resources /MANIFEST /ManifestFile:"Debug\kvadr.exe.intermediate.manifest" /MANIFESTUAC:"level='asInvoker' uiAccess='false'" /DEBUG /PDB:"D:\Dropbox\программирование\C++\kvadr\Debug\kvadr.pdb" /ASSEMBLYDEBUG /SUBSYSTEM:WINDOWS /TLBID:1 /ENTRY:"main" /DYNAMICBASE /FIXED:NO /NXCOMPAT /MACHINE:X86 Debug\app.res
         Debug\AssemblyInfo.obj
         Debug\kvadr.obj
         Debug\stdafx.obj
         "Debug\.NETFramework,Version=v4.0.AssemblyAttributes.obj"
         kvadr.vcxproj -> D:\Dropbox\программирование\C++\kvadr\Debug\kvadr.exe
       Manifest:
         C:\Program Files (x86)\Microsoft SDKs\Windows\v7.0A\bin\mt.exe /nologo /verbose /outputresource:"D:\Dropbox\программирование\C++\kvadr\Debug\kvadr.exe;#1" /manifest Debug\kvadr.exe.intermediate.manifest
       FinalizeBuildStatus:
         Deleting file "Debug\kvadr.unsuccessfulbuild".
         Touching "Debug\kvadr.lastbuildstate".
     1>Done Building Project "D:\Dropbox\программирование\C++\kvadr\kvadr\kvadr.vcxproj" (build target(s)).

Build succeeded.

Time Elapsed 00:00:01.48
