Build started 16.01.2017 11:24:38.
     1>Project "D:\Dropbox\программирование\C++\spuskai\spuskai\spuskai.vcxproj" on node 2 (build target(s)).
     1>PrepareForBuild:
         Creating directory "D:\Dropbox\программирование\C++\spuskai\Release\".
       InitializeBuildStatus:
         Creating "Release\spuskai.unsuccessfulbuild" because "AlwaysCreate" was specified.
       ClCompile:
         D:\Visual Studio 2010 Express\VC\bin\CL.exe /c /Zi /nologo /W3 /WX- /O2 /Oi /Oy- /GL /D _MBCS /Gm- /EHsc /MD /GS /Gy /fp:precise /Zc:wchar_t /Zc:forScope /Fo"Release\\" /Fd"Release\vc100.pdb" /Gd /TP /analyze- /errorReport:prompt "нахождение экстремумов функции.cpp"
         нахождение экстремумов функции.cpp
       Link:
         D:\Visual Studio 2010 Express\VC\bin\link.exe /ERRORREPORT:PROMPT /OUT:"D:\Dropbox\программирование\C++\spuskai\Release\spuskai.exe" /NOLOGO kernel32.lib user32.lib gdi32.lib winspool.lib comdlg32.lib advapi32.lib shell32.lib ole32.lib oleaut32.lib uuid.lib odbc32.lib odbccp32.lib /MANIFEST /ManifestFile:"Release\spuskai.exe.intermediate.manifest" /MANIFESTUAC:"level='asInvoker' uiAccess='false'" /DEBUG /PDB:"D:\Dropbox\программирование\C++\spuskai\Release\spuskai.pdb" /OPT:REF /OPT:ICF /LTCG /TLBID:1 /DYNAMICBASE /NXCOMPAT /IMPLIB:"D:\Dropbox\программирование\C++\spuskai\Release\spuskai.lib" /MACHINE:X86 "Release\нахождение экстремумов функции.obj"
         Generating code
         Finished generating code
         spuskai.vcxproj -> D:\Dropbox\программирование\C++\spuskai\Release\spuskai.exe
       Manifest:
         C:\Program Files (x86)\Microsoft SDKs\Windows\v7.0A\bin\mt.exe /nologo /verbose /outputresource:"D:\Dropbox\программирование\C++\spuskai\Release\spuskai.exe;#1" /manifest Release\spuskai.exe.intermediate.manifest
       FinalizeBuildStatus:
         Deleting file "Release\spuskai.unsuccessfulbuild".
         Touching "Release\spuskai.lastbuildstate".
     1>Done Building Project "D:\Dropbox\программирование\C++\spuskai\spuskai\spuskai.vcxproj" (build target(s)).

Build succeeded.

Time Elapsed 00:00:00.59
