Build started 20.03.2017 7:43:26.
     1>Project "D:\Dropbox\программирование\zada4ki4\zada4ki4\zada4ki4.vcxproj" on node 2 (build target(s)).
     1>InitializeBuildStatus:
         Creating "Debug\zada4ki4.unsuccessfulbuild" because "AlwaysCreate" was specified.
       ClCompile:
         D:\Visual Studio 2010 Express\VC\bin\CL.exe /c /ZI /nologo /W3 /WX- /Od /Oy- /D _MBCS /Gm /EHsc /RTC1 /MDd /GS /fp:precise /Zc:wchar_t /Zc:forScope /Fo"Debug\\" /Fd"Debug\vc100.pdb" /Gd /TP /analyze- /errorReport:prompt zad2.cpp
         zad2.cpp
     1>d:\dropbox\программирование\zada4ki4\zada4ki4\zad2.cpp(11): warning C4101: 'xproverka' : unreferenced local variable
       Link:
         D:\Visual Studio 2010 Express\VC\bin\link.exe /ERRORREPORT:PROMPT /OUT:"D:\Dropbox\программирование\zada4ki4\Debug\zada4ki4.exe" /NOLOGO kernel32.lib user32.lib gdi32.lib winspool.lib comdlg32.lib advapi32.lib shell32.lib ole32.lib oleaut32.lib uuid.lib odbc32.lib odbccp32.lib /MANIFEST /ManifestFile:"Debug\zada4ki4.exe.intermediate.manifest" /MANIFESTUAC:"level='asInvoker' uiAccess='false'" /DEBUG /PDB:"D:\Dropbox\программирование\zada4ki4\Debug\zada4ki4.pdb" /TLBID:1 /DYNAMICBASE /NXCOMPAT /IMPLIB:"D:\Dropbox\программирование\zada4ki4\Debug\zada4ki4.lib" /MACHINE:X86 Debug\zad1.obj
         Debug\zad2.obj
         LINK : D:\Dropbox\программирование\zada4ki4\Debug\zada4ki4.exe not found or not built by the last incremental link; performing full link
         zada4ki4.vcxproj -> D:\Dropbox\программирование\zada4ki4\Debug\zada4ki4.exe
       Manifest:
         C:\Program Files (x86)\Microsoft SDKs\Windows\v7.0A\bin\mt.exe /nologo /verbose /outputresource:"D:\Dropbox\программирование\zada4ki4\Debug\zada4ki4.exe;#1" /manifest Debug\zada4ki4.exe.intermediate.manifest
       FinalizeBuildStatus:
         Deleting file "Debug\zada4ki4.unsuccessfulbuild".
         Touching "Debug\zada4ki4.lastbuildstate".
     1>Done Building Project "D:\Dropbox\программирование\zada4ki4\zada4ki4\zada4ki4.vcxproj" (build target(s)).

Build succeeded.

Time Elapsed 00:00:02.66
